*** Starting uWSGI 2.0.18 (64bit) on [Mon Sep  9 14:38:43 2019] ***
compiled with version: 4.2.1 Compatible Apple LLVM 10.0.1 (clang-1001.0.46.4) on 09 September 2019 02:46:20
os: Darwin-18.6.0 Darwin Kernel Version 18.6.0: Thu Apr 25 23:16:27 PDT 2019; root:xnu-4903.261.4~2/RELEASE_X86_64
nodename: localhost
machine: x86_64
clock source: unix
pcre jit disabled
detected number of CPU cores: 4
current working directory: /Users/fuzecheng/PycharmProjects/django/git_test/dailyfresh
writing pidfile to uwsgi2.pid
detected binary path: /Users/fuzecheng/env_workspaces/env_workspace01/bin/uwsgi
chdir() to /Users/fuzecheng/PycharmProjects/django/git_test/dailyfresh
your processes number limit is 709
your memory page size is 4096 bytes
detected max file descriptor number: 256
lock engine: OSX spinlocks
thunder lock: disabled (you can enable it with --thunder-lock)
uwsgi socket 0 bound to TCP address 127.0.0.1:8081 fd 3
Python version: 3.7.4 (default, Jul  9 2019, 18:13:23)  [Clang 10.0.1 (clang-1001.0.46.4)]
Set PythonHome to /Users/fuzecheng/env_workspaces/env_workspace01
Python main interpreter initialized at 0x7f980e5026a0
python threads support enabled
your server socket listen backlog is limited to 100 connections
your mercy for graceful operations on workers is 60 seconds
mapped 416560 bytes (406 KB) for 8 cores
*** Operational MODE: preforking+threaded ***
WSGI app 0 (mountpoint='') ready in 1 seconds on interpreter 0x7f980e5026a0 pid: 5923 (default app)
*** uWSGI is running in multiple interpreter mode ***
spawned uWSGI master process (pid: 5923)
spawned uWSGI worker 1 (pid: 5925, cores: 2)
spawned uWSGI worker 2 (pid: 5926, cores: 2)
spawned uWSGI worker 3 (pid: 5927, cores: 2)
spawned uWSGI worker 4 (pid: 5928, cores: 2)
[pid: 5928|app: 0|req: 1/1] 127.0.0.1 () {50 vars in 1044 bytes} [Mon Sep  9 14:48:02 2019] GET /index => generated 17431 bytes in 2074 msecs (HTTP/1.1 200) 4 headers in 125 bytes (2 switches on core 0)
